Flutter crash report; please file at https://github.com/flutter/flutter/issues.

## command

flutter build bundle --suppress-analytics --target C:\Users\shris\FlutterProjects\e_dabba\lib\main.dart --preview-dart-2 --depfile C:\Users\shris\FlutterProjects\e_dabba\build\app\intermediates\flutter\debug/snapshot_blob.bin.d --asset-dir C:\Users\shris\FlutterProjects\e_dabba\build\app\intermediates\flutter\debug/flutter_assets

## exception

FileSystemException: FileSystemException: Directory listing failed, path = 'C:\Users\shris\FlutterProjects\e_dabba\images \*' (OS Error: The system cannot find the path specified.
, errno = 3)

```
#0      _Directory._fillWithDirectoryListing (dart:io-patch/directory_patch.dart:37)
#1      _Directory.listSync (dart:io/directory_impl.dart:250)
#2      LocalFileSystemEntity&ForwardingDirectory.listSync (package:file/src/forwarding/forwarding_directory.dart:45)
#3      _AssetDirectoryCache.variantsFor (package:flutter_tools/src/asset.dart:474)
#4      _parseAssetFromFile (package:flutter_tools/src/asset.dart:610)
#5      _parseAssets (package:flutter_tools/src/asset.dart:536)
#6      _ManifestAssetBundle.build (package:flutter_tools/src/asset.dart:124)
<asynchronous suspension>
#7      buildAssets (package:flutter_tools/src/bundle.dart:130)
<asynchronous suspension>
#8      build (package:flutter_tools/src/bundle.dart:100)
<asynchronous suspension>
#9      BuildBundleCommand.runCommand (package:flutter_tools/src/commands/build_bundle.dart:72)
<asynchronous suspension>
#10     FlutterCommand.verifyThenRunCommand (package:flutter_tools/src/runner/flutter_command.dart:344)
<asynchronous suspension>
#11     FlutterCommand.run.<anonymous closure> (package:flutter_tools/src/runner/flutter_command.dart:279)
<asynchronous suspension>
#12     AppContext.run.<anonymous closure> (package:flutter_tools/src/base/context.dart:142)
<asynchronous suspension>
#13     _rootRun (dart:async/zone.dart:1126)
#14     _CustomZone.run (dart:async/zone.dart:1023)
#15     runZoned (dart:async/zone.dart:1501)
#16     AppContext.run (package:flutter_tools/src/base/context.dart:141)
<asynchronous suspension>
#17     FlutterCommand.run (package:flutter_tools/src/runner/flutter_command.dart:270)
#18     CommandRunner.runCommand (package:args/command_runner.dart:194)
<asynchronous suspension>
#19     FlutterCommandRunner.runCommand.<anonymous closure> (package:flutter_tools/src/runner/flutter_command_runner.dart:309)
<asynchronous suspension>
#20     AppContext.run.<anonymous closure> (package:flutter_tools/src/base/context.dart:142)
<asynchronous suspension>
#21     _rootRun (dart:async/zone.dart:1126)
#22     _CustomZone.run (dart:async/zone.dart:1023)
#23     runZoned (dart:async/zone.dart:1501)
#24     AppContext.run (package:flutter_tools/src/base/context.dart:141)
<asynchronous suspension>
#25     FlutterCommandRunner.runCommand (package:flutter_tools/src/runner/flutter_command_runner.dart:265)
<asynchronous suspension>
#26     CommandRunner.run.<anonymous closure> (package:args/command_runner.dart:109)
#27     new Future.sync (dart:async/future.dart:222)
#28     CommandRunner.run (package:args/command_runner.dart:109)
#29     FlutterCommandRunner.run (package:flutter_tools/src/runner/flutter_command_runner.dart:174)
#30     run.<anonymous closure> (package:flutter_tools/runner.dart:59)
<asynchronous suspension>
#31     AppContext.run.<anonymous closure> (package:flutter_tools/src/base/context.dart:142)
<asynchronous suspension>
#32     _rootRun (dart:async/zone.dart:1126)
#33     _CustomZone.run (dart:async/zone.dart:1023)
#34     runZoned (dart:async/zone.dart:1501)
#35     AppContext.run (package:flutter_tools/src/base/context.dart:141)
<asynchronous suspension>
#36     runInContext (package:flutter_tools/src/context_runner.dart:43)
<asynchronous suspension>
#37     run (package:flutter_tools/runner.dart:50)
#38     main (package:flutter_tools/executable.dart:49)
<asynchronous suspension>
#39     main (file:///F:/Flutter/flutter/packages/flutter_tools/bin/flutter_tools.dart:8)
#40     _startIsolate.<anonymous closure> (dart:isolate-patch/dart:isolate/isolate_patch.dart:277)
#41     _RawReceivePortImpl._handleMessage (dart:isolate-patch/dart:isolate/isolate_patch.dart:165)
```

## flutter doctor

```
[✓] Flutter (Channel master, v0.4.5-pre.96, on Microsoft Windows [Version 10.0.16299.431], locale en-US)
    • Flutter version 0.4.5-pre.96 at F:\Flutter\flutter
    • Framework revision d79f2ee223 (5 days ago), 2018-05-26 12:29:53 -0700
    • Engine revision 1ed25ca7b7
    • Dart version 2.0.0-dev.58.0.flutter-f981f09760

[✓] Android toolchain - develop for Android devices (Android SDK 27.0.3)
    • Android SDK at C:\Users\shris\AppData\Local\Android\sdk
    • Android NDK location not configured (optional; useful for native profiling support)
    • Platform android-27, build-tools 27.0.3
    • Java binary at: C:\Program Files\Android\Android Studio\jre\bin\java
    • Java version OpenJDK Runtime Environment (build 1.8.0_152-release-1024-b02)
    • All Android licenses accepted.

[✓] Android Studio (version 3.1)
    • Android Studio at C:\Program Files\Android\Android Studio
    • Flutter plugin version 24.2.1
    • Dart plugin version 173.4700
    • Java version OpenJDK Runtime Environment (build 1.8.0_152-release-1024-b02)

[✓] Connected devices (1 available)
    • Pixel 2 XL • 711KPMZ0664299 • android-arm64 • Android 8.1.0 (API 27)

• No issues found!
```
